<?xml version="1.0" encoding="UTF-8"?>
<!-- Generated by org.testng.reporters.JUnitXMLReporter -->
<testsuite hostname="DESKTOP-E47R17I" ignored="0" name="Test" tests="2" failures="1" timestamp="24 Jan 2019 10:28:05 GMT" time="16.101" errors="0">
  <testcase name="GoogleTitleVerify" time="15.994" classname="ListenerDemo.MyFirstTestCase1"/>
  <testcase name="TitleMatch" time="0.015" classname="ListenerDemo.MyFirstTestCase1">
    <failure type="java.lang.AssertionError" message="expected [true] but found [false]">
      <![CDATA[java.lang.AssertionError: expected [true] but found [false]
at ListenerDemo.MyFirstTestCase1.TitleMatch(MyFirstTestCase1.java:24)
... Removed 29 stack frames]]>
    </failure>
  </testcase> <!-- TitleMatch -->
</testsuite> <!-- Test -->
