<?xml version="1.0" encoding="UTF-8"?>
<!-- Generated by org.testng.reporters.JUnitXMLReporter -->
<testsuite hostname="DESKTOP-E47R17I" ignored="0" name="Sprint1" tests="3" failures="1" timestamp="24 Jan 2019 12:09:03 GMT" time="0.083" errors="0">
  <testcase name="testWordpress" time="0.017" classname="testNGClasses.TestCase3">
    <failure type="java.lang.AssertionError" message="expected [true] but found [false]">
      <![CDATA[java.lang.AssertionError: expected [true] but found [false]
at testNGClasses.TestCase3.testWordpress(TestCase3.java:12)
... Removed 29 stack frames]]>
    </failure>
  </testcase> <!-- testWordpress -->
  <testcase name="testTwitter" time="0.002" classname="testNGClasses.TestCase2"/>
  <testcase name="testFB" time="0.003" classname="testNGClasses.TestCase1"/>
</testsuite> <!-- Sprint1 -->
